  Hallo from Speedy_AGCM
 calling INIFFT
 calling INDYNS
  Model half-level (*1000)           1           0
  Model half-level (*1000)           2          50
  Model half-level (*1000)           3         140
  Model half-level (*1000)           4         260
  Model half-level (*1000)           5         420
  Model half-level (*1000)           6         600
  Model half-level (*1000)           7         770
  Model half-level (*1000)           8         900
  Model half-level (*1000)           9        1000
  Model full-level (*1000)           1          25
  Model full-level (*1000)           2          95
  Model full-level (*1000)           3         200
  Model full-level (*1000)           4         340
  Model full-level (*1000)           5         510
  Model full-level (*1000)           6         685
  Model full-level (*1000)           7         835
  Model full-level (*1000)           8         950
  temp/hum correction at level            2  0.66167368341273969        0.0000000000000000     
  temp/hum correction at level            3  0.75399289734237440        8.0000000000000019E-003
  temp/hum correction at level            4  0.82755908289241631        3.9303999999999992E-002
  temp/hum correction at level            5  0.88857447279504564       0.13265100000000002     
  temp/hum correction at level            6  0.93577679872957287       0.32141912500000008     
  temp/hum correction at level            7  0.96885785555841186       0.58218287499999988     
  temp/hum correction at level            8  0.99104107712276879       0.85737499999999989     
 calling INPHYS
 calling INBCON
  read orography
  read fractional land-sea mask
  read surface albedo
 calling INIRDF
 calling INVARS
  starting from rest
  Q0 jlat =            1   7.6942391743545970     
  Q0 jlat =            2   7.6942391743545970     
  Q0 jlat =            3   7.6942391743545970     
  Q0 jlat =            4   7.6942391743545970     
  Q0 jlat =            5   7.6942391743545970     
  Q0 jlat =            6   7.6942391743545970     
  Q0 jlat =            7   7.6942391743545970     
  Q0 jlat =            8   7.6942391743545970     
  Q0 jlat =            9   7.6942391743545970     
  Q0 jlat =           10   7.6942391743545970     
  Q0 jlat =           11   7.6942391743545970     
  Q0 jlat =           12   7.6942391743545970     
  Q0 jlat =           13   7.6942391743545970     
  Q0 jlat =           14   7.6942391743545970     
  Q0 jlat =           15   7.6942391743545970     
  Q0 jlat =           16   7.6942391743545970     
  Q0 jlat =           17   7.6942391743545970     
  Q0 jlat =           18   7.6942391743545970     
  Q0 jlat =           19   7.6942391743545970     
  Q0 jlat =           20   7.6942391743545970     
  Q0 jlat =           21   7.6942391743545970     
  Q0 jlat =           22   7.6942391743545970     
  Q0 jlat =           23   7.6942391743545970     
  Q0 jlat =           24   7.6942391743545970     
  Q0 jlat =           25   7.6942391743545970     
  Q0 jlat =           26   7.6942391743545970     
  Q0 jlat =           27   7.6942391743545970     
  Q0 jlat =           28   7.6942391743545970     
  Q0 jlat =           29   7.6942391743545970     
  Q0 jlat =           30   7.6942391743545970     
  Q0 jlat =           31   7.6942391743545970     
  Q0 jlat =           32   7.6942391743545970     
  Q0 jlat =           33   7.6942391743545970     
  Q0 jlat =           34   7.6942391743545970     
  Q0 jlat =           35   7.6942391743545970     
  Q0 jlat =           36   7.6942391743545970     
  Q0 jlat =           37   7.6942391743545970     
  Q0 jlat =           38   7.6942391743545970     
  Q0 jlat =           39   7.6942391743545970     
  Q0 jlat =           40   7.6942391743545970     
  Q0 jlat =           41   7.6942391743545970     
  Q0 jlat =           42   7.6942391743545970     
  Q0 jlat =           43   7.6942391743545970     
  Q0 jlat =           44   7.6942391743545970     
  Q0 jlat =           45   7.6942391743545970     
  Q0 jlat =           46   7.6942391743545970     
  Q0 jlat =           47   7.6942391743545970     
  Q0 jlat =           48   7.6942391743545970     
 vertical scale factor at level            3   8.0000000000000019E-003
 vertical scale factor at level            4   3.9303999999999992E-002
 vertical scale factor at level            5  0.13265100000000002     
 vertical scale factor at level            6  0.32141912500000008     
 vertical scale factor at level            7  0.58218287499999988     
 vertical scale factor at level            8  0.85737499999999989     
 step =     0 reke =    0.00    0.00    0.00    0.00    0.00    0.00    0.00    0.00
              deke =    0.00    0.00    0.00    0.00    0.00    0.00    0.00    0.00
              temp =  216.00  216.00  217.15  238.34  255.91  269.50  279.03  285.42
 calling DMFLUX
 calling DMOUT
 calling TMOUT
 inside TMOUT
  reset to zero
 end of TMOUT
 calling SETCTL
 calling SETCTL_D
  instep: initial time step
  semi-impl. initialization
   Tref =    217.14995443460384     
   Tref =    217.14995443460384     
   Tref =    217.14995443460384     
   Tref =    238.33701587301590     
   Tref =    255.90944816497316     
   Tref =    269.50371803411701     
   Tref =    279.03106240082263     
   Tref =    285.41983021135741     
  forward half-step
  semi-impl. initialization
   Tref =    217.14995443460384     
   Tref =    217.14995443460384     
   Tref =    217.14995443460384     
   Tref =    238.33701587301590     
   Tref =    255.90944816497316     
   Tref =    269.50371803411701     
   Tref =    279.03106240082263     
   Tref =    285.41983021135741     
  leapfrog half-step
  semi-impl. initialization
   Tref =    217.14995443460384     
   Tref =    217.14995443460384     
   Tref =    217.14995443460384     
   Tref =    238.33701587301590     
   Tref =    255.90944816497316     
   Tref =    269.50371803411701     
   Tref =    279.03106240082263     
   Tref =    285.41983021135741     
 Integration length in days:           90
  Start of year/month =         2000           1
 Day            1
 mean ocean T    19.056453408900747        30.882967298406832        9024.2023450105207     
 Day            2
 mean ocean T    18.949462652556981        30.882967298406832        9020.8981529811244     
 Day            3
 mean ocean T    18.861230346444241        30.882967298406832        9018.1732775567816     
 Day            4
 mean ocean T    18.780885676688246        30.882967298406832        9015.6919957481059     
 step =   180 reke =    1.07    1.38    2.73    1.03    0.69    1.04    1.36    0.69
              deke =    1.63    2.71    1.22    0.60    0.24    0.61    0.88    0.53
              temp =  216.99  215.77  225.23  243.37  263.72  275.10  284.03  288.54
 Day            5
 mean ocean T    18.714691714750224        30.882967298406832        9013.6477297862220     
 Day            6
 mean ocean T    18.665573102825959        30.882967298406832        9012.1308013004218     
 Day            7
 mean ocean T    18.633564914344035        30.882967298406832        9011.1422934622533     
 Day            8
 mean ocean T    18.611749244514829        30.882967298406832        9010.4685608443251     
 Day            9
 mean ocean T    18.596121764946645        30.882967298406832        9009.9859379038644     
 step =   360 reke =    1.81    9.62   24.15   18.15    5.94    2.93    4.69    6.01
              deke =    0.87    4.61    5.30    2.11    0.67    0.58    0.85    1.72
              temp =  217.98  215.81  229.02  246.25  263.03  275.45  283.85  288.57
 Day           10
 mean ocean T    18.581945455707785        30.882967298406832        9009.5481314092285     
 Day           11
 mean ocean T    18.571680003027620        30.882967298406832        9009.2311037698037     
 Day           12
 mean ocean T    18.555437764467030        30.882967298406832        9008.7294952474840     
 Day           13
 mean ocean T    18.541599353408593        30.882967298406832        9008.3021240513044     
 Day           14
 mean ocean T    18.531011780975732        30.882967298406832        9007.9751483980908     
 step =   540 reke =    6.82   38.03  113.20   84.49   39.83   28.33   34.59   41.16
              deke =    0.45    8.40   22.30    8.49    2.64    1.50    2.55    5.80
              temp =  218.96  215.92  229.05  249.34  264.58  276.72  284.06  288.73
 Day           15
 mean ocean T    18.534168084590167        30.882967298406832        9008.0726244193993     
 Day           16
 mean ocean T    18.540700536408988        30.882967298406832        9008.2743659152984     
 Day           17
 mean ocean T    18.548587417294573        30.882967298406832        9008.5179361997743     
 Day           18
 mean ocean T    18.562546619414469        30.882967298406832        9008.9490377823549     
 Day           19
 mean ocean T    18.565760625917601        30.882967298406832        9009.0482958400880     
 step =   720 reke =   14.37  122.57  320.63  242.71  127.32   80.62   81.35   89.01
              deke =    0.55   12.32   23.30    7.19    2.70    2.01    2.74    7.98
              temp =  219.89  216.26  229.27  250.46  265.63  276.65  283.87  288.76
 Day           20
 mean ocean T    18.547901454797387        30.882967298406832        9008.4967516424058     
 Day           21
 mean ocean T    18.480051409378540        30.882967298406832        9006.4013409085401     
 Day           22
 mean ocean T    18.388360493715631        30.882967298406832        9003.5696533585615     
 Day           23
 mean ocean T    18.327487827116524        30.882967298406832        9001.6897247866145     
 Day           24
 mean ocean T    18.291330367916895        30.882967298406832        9000.5730751565588     
 step =   900 reke =   46.32  173.29  459.46  295.35  151.74   92.10   78.66   78.82
              deke =    0.79   16.13   29.77   10.79    3.70    2.25    2.53    6.27
              temp =  220.72  217.11  229.98  252.31  267.61  278.08  284.35  288.93
 Day           25
 mean ocean T    18.256222585064350        30.882967298406832        8999.4888426468042     
 Day           26
 mean ocean T    18.224206968563852        30.882967298406832        8998.5001054093809     
 Day           27
 mean ocean T    18.199308817467500        30.882967298406832        8997.7311766232815     
 Day           28
 mean ocean T    18.178761657991682        30.882967298406832        8997.0966193691147     
 Day           29
 mean ocean T    18.163385866582828        30.882967298406832        8996.6217693058479     
 step =  1080 reke =  107.22  170.35  350.56  219.73  115.37   75.13   68.98   70.52
              deke =    1.32   17.08   30.35   12.92    3.51    2.63    2.85    5.56
              temp =  221.47  218.06  230.30  252.46  267.67  278.57  284.83  289.18
 inside TMOUT
  write model output
  reset to zero
 end of TMOUT
 Day           30
 mean ocean T    18.156716464595444        30.882967298406832        8996.4157983823716     
  Start of year/month =         2000           2
 Day           31
 mean ocean T    18.145380660177437        30.882967298406832        8996.0657151052292     
 Day           32
 mean ocean T    18.130257081585547        30.882967298406832        8995.5986541221409     
 Day           33
 mean ocean T    18.121730793647984        30.882967298406832        8995.3353370505884     
 Day           34
 mean ocean T    18.129701947322893        30.882967298406832        8995.5815099288611     
 step =  1260 reke =   95.25  184.07  409.95  271.89  127.88   71.46   56.47   56.80
              deke =    0.95   15.42   34.07   10.83    3.70    2.61    2.70    4.32
              temp =  222.17  218.78  230.85  252.46  267.19  278.46  284.81  289.17
 Day           35
 mean ocean T    18.144751975118226        30.882967298406832        8996.0462994451045     
 Day           36
 mean ocean T    18.166975608434754        30.882967298406832        8996.7326311860706     
 Day           37
 mean ocean T    18.178815427727372        30.882967298406832        8997.0982799381036     
 Day           38
 mean ocean T    18.182111405428593        30.882967298406832        8997.2000695096667     
 Day           39
 mean ocean T    18.190347515527346        30.882967298406832        8997.4544250285126     
 step =  1440 reke =   71.27  196.38  407.84  281.63  136.36   78.75   64.99   67.05
              deke =    0.84   16.05   28.22   10.35    2.98    2.41    3.03    5.50
              temp =  222.80  219.15  230.95  253.12  267.88  278.72  284.82  289.19
 Day           40
 mean ocean T    18.215081035337398        30.882967298406832        8998.2182695119809     
 Day           41
 mean ocean T    18.220580017083613        30.882967298406832        8998.3880943854238     
 Day           42
 mean ocean T    18.205221545186948        30.882967298406832        8997.9137792000856     
 Day           43
 mean ocean T    18.200315382369510        30.882967298406832        8997.7622623342340     
 Day           44
 mean ocean T    18.206913714294213        30.882967298406832        8997.9660384032886     
 step =  1620 reke =   63.70  164.99  355.44  211.91  100.23   58.43   49.16   49.49
              deke =    0.62   13.73   35.25   12.05    2.88    1.64    2.14    3.46
              temp =  223.35  219.44  231.35  252.76  267.45  278.50  284.79  289.23
 Day           45
 mean ocean T    18.195440858539616        30.882967298406832        8997.6117225742000     
 Day           46
 mean ocean T    18.177739114596047        30.882967298406832        8997.0650401948660     
 Day           47
 mean ocean T    18.184541875074718        30.882967298406832        8997.2751296242677     
 Day           48
 mean ocean T    18.201846249261369        30.882967298406832        8997.8095400463935     
 Day           49
 mean ocean T    18.215594616539857        30.882967298406832        8998.2341304234615     
 step =  1800 reke =   50.87  157.57  319.84  211.60  110.69   68.09   59.42   60.16
              deke =    0.66   13.31   27.55    8.97    2.68    1.87    3.09    5.35
              temp =  223.79  219.60  231.09  252.72  267.38  278.35  284.73  289.24
 Day           50
 mean ocean T    18.225942909548518        30.882967298406832        8998.5537164180423     
 Day           51
 mean ocean T    18.243847217130305        30.882967298406832        8999.1066545635913     
 Day           52
 mean ocean T    18.261907396379744        30.882967298406832        8999.6644064887550     
 Day           53
 mean ocean T    18.281715407235833        30.882967298406832        9000.2761366402701     
 Day           54
 mean ocean T    18.293671569565522        30.882967298406832        9000.6453784105124     
 step =  1980 reke =   39.00  162.60  352.36  237.68  123.32   70.82   56.99   56.41
              deke =    0.58   12.72   29.80    9.80    2.93    2.23    2.55    5.06
              temp =  224.23  219.65  231.32  252.76  267.26  278.45  284.94  289.26
 Day           55
 mean ocean T    18.309082184660280        30.882967298406832        9001.1213039325321     
 Day           56
 mean ocean T    18.334136345520491        30.882967298406832        9001.8950507630670     
 Day           57
 mean ocean T    18.351374088970108        30.882967298406832        9002.4274034303198     
 Day           58
 mean ocean T    18.367584444347266        30.882967298406832        9002.9280273053282     
 Day           59
 mean ocean T    18.381633449455727        30.882967298406832        9003.3619022706680     
 step =  2160 reke =   52.77  147.24  333.83  197.07   98.18   58.93   54.31   56.02
              deke =    0.68   13.80   30.13    9.62    3.47    2.24    2.93    5.15
              temp =  224.61  219.68  231.28  252.65  267.12  278.37  284.75  289.24
 inside TMOUT
  write model output
  reset to zero
 end of TMOUT
 Day           60
 mean ocean T    18.399754980046250        30.882967298406832        9003.9215489072922     
  Start of year/month =         2000           3
 Day           61
 mean ocean T    18.400319829484172        30.882967298406832        9003.9389931340120     
 Day           62
 mean ocean T    18.382151257930836        30.882967298406832        9003.3778937328716     
 Day           63
 mean ocean T    18.350294534139252        30.882967298406832        9002.3940635737818     
 Day           64
 mean ocean T    18.307645914552701        30.882967298406832        9001.0769476497680     
 step =  2340 reke =   32.59  132.61  333.75  199.86   98.59   59.79   55.41   58.28
              deke =    0.74    9.49   22.14   10.64    4.10    1.91    2.64    5.10
              temp =  224.97  219.82  231.11  252.70  267.04  278.02  284.47  289.20
 Day           65
 mean ocean T    18.267923639103110        30.882967298406832        8999.8502059160401     
 Day           66
 mean ocean T    18.241085137472204        30.882967298406832        8999.0213533478345     
 Day           67
 mean ocean T    18.200879821405987        30.882967298406832        8997.7796938865395     
 Day           68
 mean ocean T    18.171145351388333        30.882967298406832        8996.8614052213488     
 Day           69
 mean ocean T    18.141566277419543        30.882967298406832        8995.9479156472535     
 step =  2520 reke =   42.60  226.33  363.31  236.55  121.24   69.46   60.53   62.74
              deke =    1.08   23.67   31.72   10.51    3.13    1.94    2.29    4.81
              temp =  225.28  220.04  231.57  252.79  266.85  278.01  284.56  289.16
 Day           70
 mean ocean T    18.105701423945430        30.882967298406832        8994.8403025502503     
 Day           71
 mean ocean T    18.070044829206939        30.882967298406832        8993.7391211009690     
 Day           72
 mean ocean T    18.022004724458100        30.882967298406832        8992.2555001169985     
 Day           73
 mean ocean T    17.966554581884576        30.882967298406832        8990.5430351772084     
 Day           74
 mean ocean T    17.924047777123622        30.882967298406832        8989.2302989158161     
 step =  2700 reke =   62.01  150.11  345.78  253.46  122.46   63.31   53.76   56.34
              deke =    0.75   15.14   27.67   10.55    4.41    2.33    2.72    5.75
              temp =  225.51  220.04  231.52  253.09  267.33  278.20  284.71  289.21
 Day           75
 mean ocean T    17.904327635887483        30.882967298406832        8988.6212824389004     
 Day           76
 mean ocean T    17.909178538026918        30.882967298406832        8988.7710926910404     
 Day           77
 mean ocean T    17.934431664682656        30.882967298406832        8989.5509841757321     
 Day           78
 mean ocean T    17.958885097701579        30.882967298406832        8990.3061787479892     
 Day           79
 mean ocean T    17.967552875705966        30.882967298406832        8990.5738654526485     
 step =  2880 reke =   51.26  256.94  432.25  228.08   98.33   50.98   41.58   42.91
              deke =    0.70   15.48   30.03   11.21    2.82    1.91    2.14    4.00
              temp =  225.73  220.19  231.28  252.87  267.57  278.42  284.73  289.24
 Day           80
 mean ocean T    17.986174774056259        30.882967298406832        8991.1489649304349     
 Day           81
 mean ocean T    18.006015040016216        30.882967298406832        8991.7616912152680     
 Day           82
 mean ocean T    18.028181433811344        30.882967298406832        8992.4462552299665     
 Day           83
 mean ocean T    18.041252017253274        30.882967298406832        8992.8499136309747     
 Day           84
 mean ocean T    18.043629696481830        30.882967298406832        8992.9233434208363     
 step =  3060 reke =   46.47  137.38  271.79  180.30   85.28   47.49   41.49   44.32
              deke =    0.58   14.87   21.16    7.09    2.33    2.04    2.46    3.67
              temp =  225.93  220.09  231.14  252.57  266.87  278.02  284.55  289.17
 Day           85
 mean ocean T    18.036052364867185        30.882967298406832        8992.6893329363720     
 Day           86
 mean ocean T    18.032844834697471        30.882967298406832        8992.5902748870321     
 Day           87
 mean ocean T    18.033567700525520        30.882967298406832        8992.6125991287608     
 Day           88
 mean ocean T    18.047437146983725        30.882967298406832        8993.0409287901766     
 Day           89
 mean ocean T    18.050016126681498        30.882967298406832        8993.1205753358463     
 step =  3240 reke =   67.97  136.71  242.81  157.04   85.61   50.07   47.54   50.59
              deke =    1.00   11.54   19.59    8.07    2.39    1.81    2.54    4.99
              temp =  226.12  220.17  231.28  252.31  266.30  277.68  284.48  289.19
 inside TMOUT
  write model output
  reset to zero
 end of TMOUT
 Day           90
 mean ocean T    18.042339588083475        30.882967298406832        8992.8835010453586     
 Write restart dataset for year/month:         2000           4
